[16:17:59.448] Global cache location '/home/shaw/.cache/typescript/4.0', safe file path '/home/shaw/.npm-global/lib/node_modules/typescript/lib/typingSafeList.json', types map path /home/shaw/.npm-global/lib/node_modules/typescript/lib/typesMap.json
[16:17:59.449] Processing cache location '/home/shaw/.cache/typescript/4.0'
[16:17:59.449] Trying to find '/home/shaw/.cache/typescript/4.0/package.json'...
[16:17:59.452] Loaded content of '/home/shaw/.cache/typescript/4.0/package.json': {"private":true,"dependencies":{"types-registry":"^0.1.514"},"devDependencies":{"@types/accepts":"^1.3.5","@types/acorn":"^4.0.5","@types/ajv-errors":"^1.0.2","@types/ajv-keywords":"^3.4.0","@types/ansi-styles":"^3.2.1","@types/anymatch":"^1.3.1","@types/argparse":"^2.0.2","@types/aria-query":"^4.2.0","@types/arr-diff":"^4.0.0","@types/arr-union":"^3.1.0","@types/array-unique":"^0.3.0","@types/array.prototype.flat":"^1.2.1","@types/asap":"^2.0.0","@types/asn1":"^0.2.0","@types/assert":"^1.5.2","@types/assert-plus":"^1.0.4","@types/async":"^3.2.3","@types/atob":"^2.1.2","@types/autoprefixer":"^9.7.2","@types/aws4":"^1.5.1","@types/babel-code-frame":"^6.20.4","@types/babel-plugin-macros":"^2.8.3","@types/babylon":"^6.16.5","@types/balanced-match":"^1.0.1","@types/base64-js":"^1.3.0","@types/basic-auth":"^1.1.3","@types/bcryptjs":"^2.4.2","@types/big.js":"^6.0.0","@types/bindings":"^1.3.0","@types/bluebird":"^3.5.32","@types/bn.js":"^4.11.6","@types/body-parser":"^1.19.0","@types/bonjour":"^3.5.7","@types/brace-expansion":"^1.1.0","@types/braces":"^3.0.0","@types/brorand":"^1.0.30","@types/browser-resolve":"^2.0.0","@types/browserslist":"^4.8.0","@types/bser":"^2.0.0","@types/bson":"^4.0.3","@types/buffer-from":"^1.1.0","@types/buffer-xor":"^2.0.0","@types/busboy":"^0.2.3","@types/bytes":"^3.1.0","@types/cacache":"^12.0.1","@types/caniuse-api":"^3.0.0","@types/caniuse-lite":"^1.0.0","@types/case-sensitive-paths-webpack-plugin":"^2.1.4","@types/caseless":"^0.12.2","@types/chardet":"^0.8.0","@types/chownr":"^1.0.0","@types/ci-info":"^2.0.0","@types/cipher-base":"^1.0.0","@types/clean-css":"^4.2.2","@types/clone-deep":"^4.0.1","@types/co":"^4.6.2","@types/color":"^3.0.1","@types/color-convert":"^1.9.0","@types/color-name":"^1.1.1","@types/color-string":"^1.5.0","@types/combined-stream":"^1.0.2","@types/common-tags":"^1.8.0","@types/commondir":"^1.0.0","@types/component-emitter":"^1.2.10","@types/compose-function":"0.0.30","@types/compressible":"^2.0.0","@types/compression":"^1.7.0","@types/concat-map":"0.0.0","@types/concat-stream":"^1.6.0","@types/confusing-browser-globals":"^1.0.0","@types/connect-history-api-fallback":"^1.3.3","@types/contains-path":"^1.0.0","@types/content-disposition":"^0.5.3","@types/content-type":"^1.1.3","@types/convert-source-map":"^1.5.1","@types/cookie":"^0.4.0","@types/cookie-parser":"^1.4.2","@types/cookie-signature":"^1.0.3","@types/core-js":"^2.5.4","@types/cors":"^2.8.8","@types/create-hash":"^1.2.2","@types/create-hmac":"^1.1.0","@types/cross-spawn":"^6.0.2","@types/css":"0.0.31","@types/css-declaration-sorter":"^5.1.0","@types/css-tree":"^1.0.3","@types/cssesc":"^3.0.0","@types/cssnano":"^4.0.0","@types/csso":"^3.5.1","@types/cssom":"^0.4.1","@types/cssstyle":"^2.2.1","@types/d":"^1.0.0","@types/dashdash":"^1.14.0","@types/data-urls":"^2.0.0","@types/debug":"^4.1.5","@types/decode-uri-component":"^0.2.0","@types/deep-equal":"^1.0.1","@types/default-gateway":"^3.0.1","@types/define-properties":"^1.1.3","@types/depd":"^1.1.32","@types/destroy":"^1.0.0","@types/detect-node":"^2.0.0","@types/diffie-hellman":"^5.0.0","@types/dir-glob":"^2.0.0","@types/doctrine":"0.0.3","@types/domexception":"^2.0.1","@types/domhandler":"^2.4.1","@types/domutils":"^1.7.3","@types/duplexify":"^3.6.0","@types/ee-first":"^1.1.0","@types/elliptic":"^6.4.12","@types/encodeurl":"^1.0.0","@types/end-of-stream":"^1.4.0","@types/enhanced-resolve":"^3.0.6","@types/entities":"^1.1.1","@types/es-abstract":"^1.17.1","@types/es-to-primitive":"^1.2.4","@types/escape-html":"^1.0.0","@types/escodegen":"0.0.6","@types/eslint":"^7.2.4","@types/eslint-scope":"^3.7.0","@types/eslint-visitor-keys":"^1.0.0","@types/esprima":"^4.0.2","@types/esquery":"^1.0.1","@types/estraverse":"^5.1.0","@types/etag":"^1.8.0","@types/events":"^3.0.0","@types/eventsource":"^1.1.4","@types/exit":"^0.1.31","@types/express":"^4.17.8","@types/extend":"^3.0.1","@types/extsprintf":"^1.4.1","@types/fast-levenshtein":"0.0.1","@types/fb-watchman":"^2.0.0","@types/file-entry-cache":"^5.0.1","@types/file-loader":"^4.2.0","@types/finalhandler":"^1.1.0","@types/find-cache-dir":"^3.2.0","@types/flat-cache":"^2.0.0","@types/flush-write-stream":"^1.0.0","@types/follow-redirects":"^1.13.0","@types/forever-agent":"^0.6.0","@types/forwarded":"^0.1.0","@types/fresh":"^0.5.0","@types/from2":"^2.3.0","@types/fs-extra":"^9.0.2","@types/function-bind":"^1.1.5","@types/get-caller-file":"^1.0.0","@types/get-value":"^3.0.1","@types/getpass":"^0.1.0","@types/glob":"^7.1.3","@types/glob-parent":"^5.1.0","@types/glob-to-regexp":"^0.4.0","@types/global-modules":"^2.0.0","@types/global-prefix":"^3.0.0","@types/graceful-fs":"^4.1.3","@types/has":"^1.0.0","@types/has-ansi":"^3.0.0","@types/has-symbols":"^1.0.0","@types/he":"^1.1.1","@types/hex-color-regex":"^1.1.0","@types/hosted-git-info":"^3.0.1","@types/html-encoding-sniffer":"^2.0.1","@types/html-escaper":"^3.0.0","@types/html-minifier-terser":"^5.1.1","@types/htmlparser2":"^3.10.2","@types/http-errors":"^1.8.0","@types/http-proxy":"^1.17.4","@types/http-proxy-middleware":"^0.19.3","@types/icss-utils":"^4.1.0","@types/iferr":"^1.0.2","@types/imurmurhash":"^0.1.1","@types/inherits":"0.0.30","@types/ini":"^1.3.30","@types/inquirer":"^7.3.1","@types/internal-slot":"^1.0.1","@types/invariant":"^2.2.34","@types/ip":"^1.1.0","@types/is-buffer":"^2.0.0","@types/is-callable":"^1.1.0","@types/is-ci":"^2.0.0","@types/is-date-object":"^1.0.1","@types/is-glob":"^4.0.1","@types/is-number":"^7.0.1","@types/is-promise":"^2.1.0","@types/is-regex":"^1.0.0","@types/is-typedarray":"^1.0.0","@types/is-windows":"^1.0.0","@types/isarray":"^2.0.0","@types/isexe":"^2.0.0","@types/isstream":"^0.1.0","@types/istanbul-lib-coverage":"^2.0.3","@types/istanbul-lib-instrument":"^1.7.4","@types/istanbul-lib-report":"^3.0.0","@types/istanbul-lib-source-maps":"^4.0.1","@types/istanbul-reports":"^3.0.0","@types/js-yaml":"^3.12.5","@types/jsbn":"^1.2.29","@types/jsdom":"^16.2.4","@types/jsesc":"^2.5.1","@types/json-parse-better-errors":"^1.0.0","@types/json-schema":"^7.0.6","@types/json-schema-traverse":"^0.4.0","@types/json-stable-stringify":"^1.0.32","@types/json-stringify-safe":"^5.0.0","@types/json3":"^3.3.2","@types/json5":"0.0.30","@types/jsonfile":"^6.0.0","@types/jsonwebtoken":"^8.5.0","@types/jws":"^3.2.2","@types/kind-of":"^6.0.0","@types/loader-runner":"^2.2.3","@types/loader-utils":"^2.0.1","@types/lodash":"^4.14.162","@types/lodash.includes":"^4.3.6","@types/lodash.isboolean":"^3.0.6","@types/lodash.isinteger":"^4.0.6","@types/lodash.isnumber":"^3.0.6","@types/lodash.isplainobject":"^4.0.6","@types/lodash.isstring":"^4.0.6","@types/lodash.memoize":"^4.1.6","@types/lodash.once":"^4.1.6","@types/lodash.sortby":"^4.7.6","@types/lodash.template":"^4.5.0","@types/lodash.uniq":"^4.5.6","@types/lru-cache":"^5.1.0","@types/lz-string":"^1.3.34","@types/media-typer":"^1.1.0","@types/memory-fs":"^0.3.2","@types/merge-deep":"^3.0.0","@types/merge-descriptors":"^1.0.1","@types/merge-stream":"^1.1.2","@types/merge2":"^1.3.0","@types/methods":"^1.1.1","@types/micromatch":"^4.0.1","@types/mime":"^2.0.3","@types/mime-db":"^1.43.0","@types/mime-types":"^2.1.0","@types/min-indent":"^1.0.0","@types/mini-css-extract-plugin":"^1.0.0","@types/minimalistic-assert":"^1.0.1","@types/minimatch":"^3.0.3","@types/minimist":"^1.2.0","@types/minipass":"^2.2.0","@types/mkdirp":"^1.0.1","@types/mongodb":"^3.5.28","@types/mongoose":"^5.7.36","@types/morgan":"^1.9.2","@types/move-concurrently":"^1.0.2","@types/ms":"^0.7.31","@types/multer":"^1.4.4","@types/multer-s3":"^2.7.8","@types/mute-stream":"0.0.0","@types/natural-compare":"^1.4.0","@types/negotiator":"^0.6.1","@types/next-tick":"^1.0.0","@types/nice-try":"^2.1.0","@types/node":"^14.11.10","@types/node-forge":"^0.9.5","@types/node-int64":"^0.4.29","@types/node-notifier":"^8.0.0","@types/nodemailer":"^6.4.0","@types/nodemon":"^1.19.0","@types/normalize-package-data":"^2.4.0","@types/normalize-path":"^3.0.0","@types/num2fraction":"^1.2.0","@types/object-assign":"^4.0.30","@types/object-hash":"^1.3.4","@types/object-inspect":"^1.6.1","@types/object-keys":"^1.0.1","@types/object-path":"^0.11.0","@types/object.fromentries":"^2.0.0","@types/object.getownpropertydescriptors":"^2.1.1","@types/object.pick":"^1.3.0","@types/on-finished":"^2.3.1","@types/on-headers":"^1.0.0","@types/once":"^1.4.0","@types/optimize-css-assets-webpack-plugin":"^5.0.1","@types/original":"^1.0.0","@types/os-tmpdir":"^1.0.0","@types/pako":"^1.0.1","@types/parallel-transform":"^1.1.0","@types/parse-json":"^4.0.0","@types/parse5":"^5.0.3","@types/parseurl":"^1.3.1","@types/pascalcase":"^1.0.0","@types/path-is-absolute":"^1.0.0","@types/path-is-inside":"^1.0.0","@types/path-parse":"^1.0.19","@types/pbkdf2":"^3.1.0","@types/picomatch":"^2.2.1","@types/pify":"^3.0.2","@types/postcss-calc":"^7.0.0","@types/postcss-custom-properties":"^9.1.0","@types/postcss-flexbugs-fixes":"^4.2.0","@types/postcss-focus-within":"^4.0.0","@types/postcss-gap-properties":"^2.0.0","@types/postcss-load-config":"^2.0.1","@types/postcss-modules-extract-imports":"^2.0.0","@types/postcss-modules-local-by-default":"^1.2.0","@types/postcss-modules-scope":"^1.1.0","@types/postcss-modules-values":"^3.0.0","@types/postcss-normalize":"^9.0.0","@types/postcss-preset-env":"^6.7.0","@types/postcss-safe-parser":"^4.0.0","@types/prelude-ls":"^1.1.29","@types/progress":"^2.0.3","@types/promise-inflight":"^1.0.0","@types/prompts":"^2.0.9","@types/prop-types":"^15.7.3","@types/proxy-addr":"^2.0.0","@types/psl":"^1.1.0","@types/pump":"^1.1.0","@types/pumpify":"^1.4.1","@types/punycode":"^2.1.0","@types/q":"^1.5.4","@types/qs":"^6.9.5","@types/querystringify":"^2.0.0","@types/raf":"^3.4.0","@types/randombytes":"^2.0.0","@types/randomstring":"^1.1.6","@types/range-parser":"^1.2.3","@types/react":"^16.9.53","@types/react-dev-utils":"^9.0.4","@types/react-dom":"^16.9.8","@types/react-is":"^16.7.1","@types/readable-stream":"^2.3.9","@types/recursive-readdir":"^2.2.0","@types/regenerator-runtime":"^0.13.0","@types/relateurl":"^0.2.28","@types/repeat-element":"^1.1.0","@types/repeat-string":"^1.6.0","@types/request":"^2.48.5","@types/request-promise-native":"^1.0.17","@types/require-directory":"^2.1.1","@types/requires-port":"^1.0.0","@types/resolve":"^1.17.1","@types/retry":"^0.12.0","@types/rimraf":"^3.0.0","@types/ripemd160":"^2.0.0","@types/rsvp":"^4.0.3","@types/run-parallel":"^1.1.0","@types/safe-regex":"^1.1.2","@types/safer-buffer":"^2.1.0","@types/sane":"^2.0.0","@types/sass-loader":"^8.0.0","@types/sax":"^1.2.1","@types/scheduler":"^0.16.1","@types/semver":"^7.3.4","@types/send":"^0.14.5","@types/serialize-javascript":"^4.0.0","@types/serve-index":"^1.7.30","@types/serve-static":"^1.13.5","@types/set-value":"^2.0.0","@types/setimmediate":"^1.0.2","@types/sha.js":"^2.4.0","@types/shebang-command":"^1.2.0","@types/shell-quote":"^1.7.0","@types/signal-exit":"^3.0.0","@types/slice-ansi":"^4.0.0","@types/sockjs":"^0.3.32","@types/sockjs-client":"^1.1.1","@types/source-list-map":"^0.1.2","@types/source-map-support":"^0.5.3","@types/spdx-correct":"^2.0.0","@types/spdx-expression-parse":"^3.0.0","@types/spdy":"^3.4.4","@types/sprintf":"^0.1.0","@types/sprintf-js":"^1.1.2","@types/sshpk":"^1.10.5","@types/ssri":"^7.1.0","@types/stack-utils":"^2.0.0","@types/statuses":"^2.0.0","@types/stream-each":"^1.2.0","@types/stream-shift":"^1.0.0","@types/strict-uri-encode":"^2.0.0","@types/string.prototype.matchall":"^4.0.0","@types/stringify-object":"^3.3.0","@types/strip-comments":"^2.0.0","@types/supports-color":"^5.3.0","@types/svg-parser":"^2.0.1","@types/svgo":"^1.3.3","@types/symbol-tree":"^3.2.1","@types/table":"^6.0.0","@types/tapable":"^1.0.6","@types/terser-webpack-plugin":"^5.0.0","@types/testing-library__jest-dom":"^5.9.4","@types/text-table":"^0.2.1","@types/through":"0.0.30","@types/through2":"^2.0.36","@types/timsort":"^0.3.0","@types/tmp":"^0.2.0","@types/tough-cookie":"^4.0.0","@types/type-check":"^0.3.27","@types/type-is":"^1.6.3","@types/uniq":"0.0.27","@types/universalify":"^1.0.0","@types/urix":"^0.1.0","@types/url-parse":"^1.4.3","@types/util-deprecate":"^1.0.0","@types/util.promisify":"^1.0.4","@types/utils-merge":"0.0.28","@types/uuid":"^8.3.0","@types/validate-npm-package-license":"^3.0.0","@types/vary":"^1.1.0","@types/verror":"^1.10.4","@types/w3c-xmlserializer":"^2.0.1","@types/watchpack":"^1.1.5","@types/webidl-conversions":"^6.1.0","@types/webpack":"^4.41.22","@types/webpack-dev-middleware":"^3.7.2","@types/webpack-dev-server":"^3.11.0","@types/webpack-manifest-plugin":"^2.1.0","@types/webpack-sources":"^2.0.0","@types/whatwg-encoding":"^1.0.0","@types/whatwg-mimetype":"^2.1.0","@types/whatwg-url":"^8.0.0","@types/which":"^1.3.2","@types/workbox-background-sync":"^4.3.1","@types/workbox-broadcast-update":"^4.3.0","@types/workbox-build":"^5.0.0","@types/workbox-cacheable-response":"^4.3.0","@types/workbox-core":"^4.3.0","@types/workbox-expiration":"^4.3.0","@types/workbox-google-analytics":"^4.3.0","@types/workbox-navigation-preload":"^4.3.0","@types/workbox-precaching":"^4.3.0","@types/workbox-range-requests":"^4.3.0","@types/workbox-routing":"^4.3.0","@types/workbox-strategies":"^4.3.0","@types/workbox-streams":"^4.3.0","@types/workbox-sw":"^4.3.1","@types/workbox-webpack-plugin":"^5.1.5","@types/workbox-window":"^4.3.3","@types/wrap-ansi":"^3.0.0","@types/write":"^2.0.0","@types/write-file-atomic":"^3.0.1","@types/ws":"^7.2.7","@types/xregexp":"^4.3.0","@types/xtend":"^4.0.3","@types/y18n":"^4.0.0","@types/yallist":"^3.0.1","@types/yargs":"^15.0.9","@types/yargs-parser":"^15.0.0"}}
[16:17:59.452] Loaded content of '/home/shaw/.cache/typescript/4.0/package-lock.json'
[16:17:59.464] Adding entry into typings cache: 'accepts' => '/home/shaw/.cache/typescript/4.0/node_modules/@types/accepts/index.d.ts'
[16:17:59.468] Adding entry into typings cache: 'acorn' => '/home/shaw/.cache/typescript/4.0/node_modules/@types/acorn/index.d.ts'
[16:17:59.471] Adding entry into typings cache: 'ajv-errors' => '/home/shaw/.cache/typescript/4.0/node_modules/@types/ajv-errors/index.d.ts'
[16:17:59.475] Adding entry into typings cache: 'ajv-keywords' => '/home/shaw/.cache/typescript/4.0/node_modules/@types/ajv-keywords/index.d.ts'
[16:17:59.482] Adding entry into typings cache: 'ansi-styles' => '/home/shaw/.cache/typescript/4.0/node_modules/@types/ansi-styles/index.d.ts'
[16:17:59.488] Adding entry into typings cache: 'anymatch' => '/home/shaw/.cache/typescript/4.0/node_modules/@types/anymatch/index.d.ts'
[16:17:59.491] Adding entry into typings cache: 'argparse' => '/home/shaw/.cache/typescript/4.0/node_modules/@types/argparse/index.d.ts'
[16:17:59.494] Adding entry into typings cache: 'aria-query' => '/home/shaw/.cache/typescript/4.0/node_modules/@types/aria-query/index.d.ts'
[16:17:59.502] Adding entry into typings cache: 'arr-diff' => '/home/shaw/.cache/typescript/4.0/node_modules/@types/arr-diff/index.d.ts'
[16:17:59.508] Adding entry into typings cache: 'arr-union' => '/home/shaw/.cache/typescript/4.0/node_modules/@types/arr-union/index.d.ts'
[16:17:59.516] Adding entry into typings cache: 'array-unique' => '/home/shaw/.cache/typescript/4.0/node_modules/@types/array-unique/index.d.ts'
[16:17:59.518] Adding entry into typings cache: 'array.prototype.flat' => '/home/shaw/.cache/typescript/4.0/node_modules/@types/array.prototype.flat/index.d.ts'
[16:17:59.521] Adding entry into typings cache: 'asap' => '/home/shaw/.cache/typescript/4.0/node_modules/@types/asap/index.d.ts'
[16:17:59.523] Adding entry into typings cache: 'asn1' => '/home/shaw/.cache/typescript/4.0/node_modules/@types/asn1/index.d.ts'
[16:17:59.527] Adding entry into typings cache: 'assert' => '/home/shaw/.cache/typescript/4.0/node_modules/@types/assert/index.d.ts'
[16:17:59.530] Adding entry into typings cache: 'assert-plus' => '/home/shaw/.cache/typescript/4.0/node_modules/@types/assert-plus/index.d.ts'
[16:17:59.533] Adding entry into typings cache: 'async' => '/home/shaw/.cache/typescript/4.0/node_modules/@types/async/index.d.ts'
[16:17:59.537] Adding entry into typings cache: 'atob' => '/home/shaw/.cache/typescript/4.0/node_modules/@types/atob/index.d.ts'
[16:17:59.540] Adding entry into typings cache: 'autoprefixer' => '/home/shaw/.cache/typescript/4.0/node_modules/@types/autoprefixer/index.d.ts'
[16:17:59.542] Adding entry into typings cache: 'aws4' => '/home/shaw/.cache/typescript/4.0/node_modules/@types/aws4/index.d.ts'
[16:17:59.544] Adding entry into typings cache: 'babel-code-frame' => '/home/shaw/.cache/typescript/4.0/node_modules/@types/babel-code-frame/index.d.ts'
[16:17:59.548] Adding entry into typings cache: 'babel-plugin-macros' => '/home/shaw/.cache/typescript/4.0/node_modules/@types/babel-plugin-macros/index.d.ts'
[16:17:59.550] Adding entry into typings cache: 'babylon' => '/home/shaw/.cache/typescript/4.0/node_modules/@types/babylon/index.d.ts'
[16:17:59.552] Adding entry into typings cache: 'balanced-match' => '/home/shaw/.cache/typescript/4.0/node_modules/@types/balanced-match/index.d.ts'
[16:17:59.556] Adding entry into typings cache: 'base64-js' => '/home/shaw/.cache/typescript/4.0/node_modules/@types/base64-js/index.d.ts'
[16:17:59.558] Adding entry into typings cache: 'basic-auth' => '/home/shaw/.cache/typescript/4.0/node_modules/@types/basic-auth/index.d.ts'
[16:17:59.562] Adding entry into typings cache: 'bcryptjs' => '/home/shaw/.cache/typescript/4.0/node_modules/@types/bcryptjs/index.d.ts'
[16:17:59.564] Adding entry into typings cache: 'big.js' => '/home/shaw/.cache/typescript/4.0/node_modules/@types/big.js/index.d.ts'
[16:17:59.569] Adding entry into typings cache: 'bindings' => '/home/shaw/.cache/typescript/4.0/node_modules/@types/bindings/index.d.ts'
[16:17:59.571] Adding entry into typings cache: 'bluebird' => '/home/shaw/.cache/typescript/4.0/node_modules/@types/bluebird/index.d.ts'
[16:17:59.574] Adding entry into typings cache: 'bn.js' => '/home/shaw/.cache/typescript/4.0/node_modules/@types/bn.js/index.d.ts'
[16:17:59.576] Adding entry into typings cache: 'body-parser' => '/home/shaw/.cache/typescript/4.0/node_modules/@types/body-parser/index.d.ts'
[16:17:59.578] Adding entry into typings cache: 'bonjour' => '/home/shaw/.cache/typescript/4.0/node_modules/@types/bonjour/index.d.ts'
[16:17:59.581] Adding entry into typings cache: 'brace-expansion' => '/home/shaw/.cache/typescript/4.0/node_modules/@types/brace-expansion/index.d.ts'
[16:17:59.587] Adding entry into typings cache: 'braces' => '/home/shaw/.cache/typescript/4.0/node_modules/@types/braces/index.d.ts'
[16:17:59.589] Adding entry into typings cache: 'brorand' => '/home/shaw/.cache/typescript/4.0/node_modules/@types/brorand/index.d.ts'
[16:17:59.590] Adding entry into typings cache: 'browser-resolve' => '/home/shaw/.cache/typescript/4.0/node_modules/@types/browser-resolve/index.d.ts'
[16:17:59.592] Adding entry into typings cache: 'browserslist' => '/home/shaw/.cache/typescript/4.0/node_modules/@types/browserslist/index.d.ts'
[16:17:59.593] Adding entry into typings cache: 'bser' => '/home/shaw/.cache/typescript/4.0/node_modules/@types/bser/index.d.ts'
[16:17:59.595] Adding entry into typings cache: 'bson' => '/home/shaw/.cache/typescript/4.0/node_modules/@types/bson/index.d.ts'
[16:17:59.597] Adding entry into typings cache: 'buffer-from' => '/home/shaw/.cache/typescript/4.0/node_modules/@types/buffer-from/index.d.ts'
[16:17:59.599] Adding entry into typings cache: 'buffer-xor' => '/home/shaw/.cache/typescript/4.0/node_modules/@types/buffer-xor/index.d.ts'
[16:17:59.600] Adding entry into typings cache: 'busboy' => '/home/shaw/.cache/typescript/4.0/node_modules/@types/busboy/index.d.ts'
[16:17:59.601] Adding entry into typings cache: 'bytes' => '/home/shaw/.cache/typescript/4.0/node_modules/@types/bytes/index.d.ts'
[16:17:59.602] Adding entry into typings cache: 'cacache' => '/home/shaw/.cache/typescript/4.0/node_modules/@types/cacache/index.d.ts'
[16:17:59.603] Adding entry into typings cache: 'caniuse-api' => '/home/shaw/.cache/typescript/4.0/node_modules/@types/caniuse-api/index.d.ts'
[16:17:59.605] Adding entry into typings cache: 'caniuse-lite' => '/home/shaw/.cache/typescript/4.0/node_modules/@types/caniuse-lite/index.d.ts'
[16:17:59.607] Adding entry into typings cache: 'case-sensitive-paths-webpack-plugin' => '/home/shaw/.cache/typescript/4.0/node_modules/@types/case-sensitive-paths-webpack-plugin/index.d.ts'
[16:17:59.609] Adding entry into typings cache: 'caseless' => '/home/shaw/.cache/typescript/4.0/node_modules/@types/caseless/index.d.ts'
[16:17:59.610] Adding entry into typings cache: 'chardet' => '/home/shaw/.cache/typescript/4.0/node_modules/@types/chardet/index.d.ts'
[16:17:59.611] Adding entry into typings cache: 'chownr' => '/home/shaw/.cache/typescript/4.0/node_modules/@types/chownr/index.d.ts'
[16:17:59.612] Adding entry into typings cache: 'ci-info' => '/home/shaw/.cache/typescript/4.0/node_modules/@types/ci-info/index.d.ts'
[16:17:59.614] Adding entry into typings cache: 'cipher-base' => '/home/shaw/.cache/typescript/4.0/node_modules/@types/cipher-base/index.d.ts'
[16:17:59.615] Adding entry into typings cache: 'clean-css' => '/home/shaw/.cache/typescript/4.0/node_modules/@types/clean-css/index.d.ts'
[16:17:59.616] Adding entry into typings cache: 'clone-deep' => '/home/shaw/.cache/typescript/4.0/node_modules/@types/clone-deep/index.d.ts'
[16:17:59.618] Adding entry into typings cache: 'co' => '/home/shaw/.cache/typescript/4.0/node_modules/@types/co/index.d.ts'
[16:17:59.620] Adding entry into typings cache: 'color' => '/home/shaw/.cache/typescript/4.0/node_modules/@types/color/index.d.ts'
[16:17:59.624] Adding entry into typings cache: 'color-convert' => '/home/shaw/.cache/typescript/4.0/node_modules/@types/color-convert/index.d.ts'
[16:17:59.627] Adding entry into typings cache: 'color-name' => '/home/shaw/.cache/typescript/4.0/node_modules/@types/color-name/index.d.ts'
[16:17:59.630] Adding entry into typings cache: 'color-string' => '/home/shaw/.cache/typescript/4.0/node_modules/@types/color-string/index.d.ts'
[16:17:59.634] Adding entry into typings cache: 'combined-stream' => '/home/shaw/.cache/typescript/4.0/node_modules/@types/combined-stream/index.d.ts'
[16:17:59.636] Adding entry into typings cache: 'common-tags' => '/home/shaw/.cache/typescript/4.0/node_modules/@types/common-tags/index.d.ts'
[16:17:59.637] Adding entry into typings cache: 'commondir' => '/home/shaw/.cache/typescript/4.0/node_modules/@types/commondir/index.d.ts'
[16:17:59.642] Adding entry into typings cache: 'component-emitter' => '/home/shaw/.cache/typescript/4.0/node_modules/@types/component-emitter/index.d.ts'
[16:17:59.643] Adding entry into typings cache: 'compose-function' => '/home/shaw/.cache/typescript/4.0/node_modules/@types/compose-function/index.d.ts'
[16:17:59.645] Adding entry into typings cache: 'compressible' => '/home/shaw/.cache/typescript/4.0/node_modules/@types/compressible/index.d.ts'
[16:17:59.648] Adding entry into typings cache: 'compression' => '/home/shaw/.cache/typescript/4.0/node_modules/@types/compression/index.d.ts'
[16:17:59.653] Adding entry into typings cache: 'concat-map' => '/home/shaw/.cache/typescript/4.0/node_modules/@types/concat-map/index.d.ts'
[16:17:59.654] Adding entry into typings cache: 'concat-stream' => '/home/shaw/.cache/typescript/4.0/node_modules/@types/concat-stream/index.d.ts'
[16:17:59.655] Adding entry into typings cache: 'confusing-browser-globals' => '/home/shaw/.cache/typescript/4.0/node_modules/@types/confusing-browser-globals/index.d.ts'
[16:17:59.657] Adding entry into typings cache: 'connect-history-api-fallback' => '/home/shaw/.cache/typescript/4.0/node_modules/@types/connect-history-api-fallback/index.d.ts'
[16:17:59.658] Adding entry into typings cache: 'contains-path' => '/home/shaw/.cache/typescript/4.0/node_modules/@types/contains-path/index.d.ts'
[16:17:59.659] Adding entry into typings cache: 'content-disposition' => '/home/shaw/.cache/typescript/4.0/node_modules/@types/content-disposition/index.d.ts'
[16:17:59.660] Adding entry into typings cache: 'content-type' => '/home/shaw/.cache/typescript/4.0/node_modules/@types/content-type/index.d.ts'
[16:17:59.662] Adding entry into typings cache: 'convert-source-map' => '/home/shaw/.cache/typescript/4.0/node_modules/@types/convert-source-map/index.d.ts'
[16:17:59.662] Adding entry into typings cache: 'cookie' => '/home/shaw/.cache/typescript/4.0/node_modules/@types/cookie/index.d.ts'
[16:17:59.664] Adding entry into typings cache: 'cookie-parser' => '/home/shaw/.cache/typescript/4.0/node_modules/@types/cookie-parser/index.d.ts'
[16:17:59.665] Adding entry into typings cache: 'cookie-signature' => '/home/shaw/.cache/typescript/4.0/node_modules/@types/cookie-signature/index.d.ts'
[16:17:59.666] Adding entry into typings cache: 'core-js' => '/home/shaw/.cache/typescript/4.0/node_modules/@types/core-js/index.d.ts'
[16:17:59.669] Adding entry into typings cache: 'cors' => '/home/shaw/.cache/typescript/4.0/node_modules/@types/cors/index.d.ts'
[16:17:59.671] Adding entry into typings cache: 'create-hash' => '/home/shaw/.cache/typescript/4.0/node_modules/@types/create-hash/index.d.ts'
[16:17:59.673] Adding entry into typings cache: 'create-hmac' => '/home/shaw/.cache/typescript/4.0/node_modules/@types/create-hmac/index.d.ts'
[16:17:59.675] Adding entry into typings cache: 'cross-spawn' => '/home/shaw/.cache/typescript/4.0/node_modules/@types/cross-spawn/index.d.ts'
[16:17:59.676] Adding entry into typings cache: 'css' => '/home/shaw/.cache/typescript/4.0/node_modules/@types/css/index.d.ts'
[16:17:59.678] Adding entry into typings cache: 'css-declaration-sorter' => '/home/shaw/.cache/typescript/4.0/node_modules/@types/css-declaration-sorter/index.d.ts'
[16:17:59.679] Adding entry into typings cache: 'css-tree' => '/home/shaw/.cache/typescript/4.0/node_modules/@types/css-tree/index.d.ts'
[16:17:59.680] Adding entry into typings cache: 'cssesc' => '/home/shaw/.cache/typescript/4.0/node_modules/@types/cssesc/index.d.ts'
[16:17:59.681] Adding entry into typings cache: 'cssnano' => '/home/shaw/.cache/typescript/4.0/node_modules/@types/cssnano/index.d.ts'
[16:17:59.684] Adding entry into typings cache: 'csso' => '/home/shaw/.cache/typescript/4.0/node_modules/@types/csso/index.d.ts'
[16:17:59.686] Adding entry into typings cache: 'cssom' => '/home/shaw/.cache/typescript/4.0/node_modules/@types/cssom/index.d.ts'
[16:17:59.687] Adding entry into typings cache: 'cssstyle' => '/home/shaw/.cache/typescript/4.0/node_modules/@types/cssstyle/index.d.ts'
[16:17:59.688] Adding entry into typings cache: 'd' => '/home/shaw/.cache/typescript/4.0/node_modules/@types/d/index.d.ts'
[16:17:59.689] Adding entry into typings cache: 'dashdash' => '/home/shaw/.cache/typescript/4.0/node_modules/@types/dashdash/index.d.ts'
[16:17:59.690] Adding entry into typings cache: 'data-urls' => '/home/shaw/.cache/typescript/4.0/node_modules/@types/data-urls/index.d.ts'
[16:17:59.692] Adding entry into typings cache: 'debug' => '/home/shaw/.cache/typescript/4.0/node_modules/@types/debug/index.d.ts'
[16:17:59.694] Adding entry into typings cache: 'decode-uri-component' => '/home/shaw/.cache/typescript/4.0/node_modules/@types/decode-uri-component/index.d.ts'
[16:17:59.695] Adding entry into typings cache: 'deep-equal' => '/home/shaw/.cache/typescript/4.0/node_modules/@types/deep-equal/index.d.ts'
[16:17:59.696] Adding entry into typings cache: 'default-gateway' => '/home/shaw/.cache/typescript/4.0/node_modules/@types/default-gateway/index.d.ts'
[16:17:59.697] Adding entry into typings cache: 'define-properties' => '/home/shaw/.cache/typescript/4.0/node_modules/@types/define-properties/index.d.ts'
[16:17:59.698] Adding entry into typings cache: 'depd' => '/home/shaw/.cache/typescript/4.0/node_modules/@types/depd/index.d.ts'
[16:17:59.699] Adding entry into typings cache: 'destroy' => '/home/shaw/.cache/typescript/4.0/node_modules/@types/destroy/index.d.ts'
[16:17:59.700] Adding entry into typings cache: 'detect-node' => '/home/shaw/.cache/typescript/4.0/node_modules/@types/detect-node/index.d.ts'
[16:17:59.701] Adding entry into typings cache: 'diffie-hellman' => '/home/shaw/.cache/typescript/4.0/node_modules/@types/diffie-hellman/index.d.ts'
[16:17:59.702] Adding entry into typings cache: 'dir-glob' => '/home/shaw/.cache/typescript/4.0/node_modules/@types/dir-glob/index.d.ts'
[16:17:59.705] Adding entry into typings cache: 'doctrine' => '/home/shaw/.cache/typescript/4.0/node_modules/@types/doctrine/index.d.ts'
[16:17:59.706] Adding entry into typings cache: 'domexception' => '/home/shaw/.cache/typescript/4.0/node_modules/@types/domexception/index.d.ts'
[16:17:59.708] Adding entry into typings cache: 'domhandler' => '/home/shaw/.cache/typescript/4.0/node_modules/@types/domhandler/index.d.ts'
[16:17:59.709] Adding entry into typings cache: 'domutils' => '/home/shaw/.cache/typescript/4.0/node_modules/@types/domutils/index.d.ts'
[16:17:59.710] Adding entry into typings cache: 'duplexify' => '/home/shaw/.cache/typescript/4.0/node_modules/@types/duplexify/index.d.ts'
[16:17:59.711] Adding entry into typings cache: 'ee-first' => '/home/shaw/.cache/typescript/4.0/node_modules/@types/ee-first/index.d.ts'
[16:17:59.712] Adding entry into typings cache: 'elliptic' => '/home/shaw/.cache/typescript/4.0/node_modules/@types/elliptic/index.d.ts'
[16:17:59.713] Adding entry into typings cache: 'encodeurl' => '/home/shaw/.cache/typescript/4.0/node_modules/@types/encodeurl/index.d.ts'
[16:17:59.715] Adding entry into typings cache: 'end-of-stream' => '/home/shaw/.cache/typescript/4.0/node_modules/@types/end-of-stream/index.d.ts'
[16:17:59.715] Adding entry into typings cache: 'enhanced-resolve' => '/home/shaw/.cache/typescript/4.0/node_modules/@types/enhanced-resolve/index.d.ts'
[16:17:59.716] Adding entry into typings cache: 'entities' => '/home/shaw/.cache/typescript/4.0/node_modules/@types/entities/index.d.ts'
[16:17:59.717] Adding entry into typings cache: 'es-abstract' => '/home/shaw/.cache/typescript/4.0/node_modules/@types/es-abstract/index.d.ts'
[16:17:59.717] Adding entry into typings cache: 'es-to-primitive' => '/home/shaw/.cache/typescript/4.0/node_modules/@types/es-to-primitive/index.d.ts'
[16:17:59.718] Adding entry into typings cache: 'escape-html' => '/home/shaw/.cache/typescript/4.0/node_modules/@types/escape-html/index.d.ts'
[16:17:59.719] Adding entry into typings cache: 'escodegen' => '/home/shaw/.cache/typescript/4.0/node_modules/@types/escodegen/index.d.ts'
[16:17:59.719] Adding entry into typings cache: 'eslint' => '/home/shaw/.cache/typescript/4.0/node_modules/@types/eslint/index.d.ts'
[16:17:59.720] Adding entry into typings cache: 'eslint-scope' => '/home/shaw/.cache/typescript/4.0/node_modules/@types/eslint-scope/index.d.ts'
[16:17:59.722] Adding entry into typings cache: 'eslint-visitor-keys' => '/home/shaw/.cache/typescript/4.0/node_modules/@types/eslint-visitor-keys/index.d.ts'
[16:17:59.723] Adding entry into typings cache: 'esprima' => '/home/shaw/.cache/typescript/4.0/node_modules/@types/esprima/index.d.ts'
[16:17:59.724] Adding entry into typings cache: 'esquery' => '/home/shaw/.cache/typescript/4.0/node_modules/@types/esquery/index.d.ts'
[16:17:59.726] Adding entry into typings cache: 'estraverse' => '/home/shaw/.cache/typescript/4.0/node_modules/@types/estraverse/index.d.ts'
[16:17:59.726] Adding entry into typings cache: 'etag' => '/home/shaw/.cache/typescript/4.0/node_modules/@types/etag/index.d.ts'
[16:17:59.728] Adding entry into typings cache: 'events' => '/home/shaw/.cache/typescript/4.0/node_modules/@types/events/index.d.ts'
[16:17:59.730] Adding entry into typings cache: 'eventsource' => '/home/shaw/.cache/typescript/4.0/node_modules/@types/eventsource/index.d.ts'
[16:17:59.731] Adding entry into typings cache: 'exit' => '/home/shaw/.cache/typescript/4.0/node_modules/@types/exit/index.d.ts'
[16:17:59.732] Adding entry into typings cache: 'express' => '/home/shaw/.cache/typescript/4.0/node_modules/@types/express/index.d.ts'
[16:17:59.733] Adding entry into typings cache: 'extend' => '/home/shaw/.cache/typescript/4.0/node_modules/@types/extend/index.d.ts'
[16:17:59.733] Adding entry into typings cache: 'extsprintf' => '/home/shaw/.cache/typescript/4.0/node_modules/@types/extsprintf/index.d.ts'
[16:17:59.734] Adding entry into typings cache: 'fast-levenshtein' => '/home/shaw/.cache/typescript/4.0/node_modules/@types/fast-levenshtein/index.d.ts'
[16:17:59.735] Adding entry into typings cache: 'fb-watchman' => '/home/shaw/.cache/typescript/4.0/node_modules/@types/fb-watchman/index.d.ts'
[16:17:59.736] Adding entry into typings cache: 'file-entry-cache' => '/home/shaw/.cache/typescript/4.0/node_modules/@types/file-entry-cache/index.d.ts'
[16:17:59.736] Adding entry into typings cache: 'file-loader' => '/home/shaw/.cache/typescript/4.0/node_modules/@types/file-loader/index.d.ts'
[16:17:59.737] Adding entry into typings cache: 'finalhandler' => '/home/shaw/.cache/typescript/4.0/node_modules/@types/finalhandler/index.d.ts'
[16:17:59.738] Adding entry into typings cache: 'find-cache-dir' => '/home/shaw/.cache/typescript/4.0/node_modules/@types/find-cache-dir/index.d.ts'
[16:17:59.739] Adding entry into typings cache: 'flat-cache' => '/home/shaw/.cache/typescript/4.0/node_modules/@types/flat-cache/index.d.ts'
[16:17:59.739] Adding entry into typings cache: 'flush-write-stream' => '/home/shaw/.cache/typescript/4.0/node_modules/@types/flush-write-stream/index.d.ts'
[16:17:59.740] Adding entry into typings cache: 'follow-redirects' => '/home/shaw/.cache/typescript/4.0/node_modules/@types/follow-redirects/index.d.ts'
[16:17:59.740] Adding entry into typings cache: 'forever-agent' => '/home/shaw/.cache/typescript/4.0/node_modules/@types/forever-agent/index.d.ts'
[16:17:59.741] Adding entry into typings cache: 'forwarded' => '/home/shaw/.cache/typescript/4.0/node_modules/@types/forwarded/index.d.ts'
[16:17:59.741] Adding entry into typings cache: 'fresh' => '/home/shaw/.cache/typescript/4.0/node_modules/@types/fresh/index.d.ts'
[16:17:59.742] Adding entry into typings cache: 'from2' => '/home/shaw/.cache/typescript/4.0/node_modules/@types/from2/index.d.ts'
[16:17:59.743] Adding entry into typings cache: 'fs-extra' => '/home/shaw/.cache/typescript/4.0/node_modules/@types/fs-extra/index.d.ts'
[16:17:59.743] Adding entry into typings cache: 'function-bind' => '/home/shaw/.cache/typescript/4.0/node_modules/@types/function-bind/index.d.ts'
[16:17:59.744] Adding entry into typings cache: 'get-caller-file' => '/home/shaw/.cache/typescript/4.0/node_modules/@types/get-caller-file/index.d.ts'
[16:17:59.745] Adding entry into typings cache: 'get-value' => '/home/shaw/.cache/typescript/4.0/node_modules/@types/get-value/index.d.ts'
[16:17:59.746] Adding entry into typings cache: 'getpass' => '/home/shaw/.cache/typescript/4.0/node_modules/@types/getpass/index.d.ts'
[16:17:59.747] Adding entry into typings cache: 'glob' => '/home/shaw/.cache/typescript/4.0/node_modules/@types/glob/index.d.ts'
[16:17:59.749] Adding entry into typings cache: 'glob-parent' => '/home/shaw/.cache/typescript/4.0/node_modules/@types/glob-parent/index.d.ts'
[16:17:59.750] Adding entry into typings cache: 'glob-to-regexp' => '/home/shaw/.cache/typescript/4.0/node_modules/@types/glob-to-regexp/index.d.ts'
[16:17:59.751] Adding entry into typings cache: 'global-modules' => '/home/shaw/.cache/typescript/4.0/node_modules/@types/global-modules/index.d.ts'
[16:17:59.752] Adding entry into typings cache: 'global-prefix' => '/home/shaw/.cache/typescript/4.0/node_modules/@types/global-prefix/index.d.ts'
[16:17:59.753] Adding entry into typings cache: 'graceful-fs' => '/home/shaw/.cache/typescript/4.0/node_modules/@types/graceful-fs/index.d.ts'
[16:17:59.754] Adding entry into typings cache: 'has' => '/home/shaw/.cache/typescript/4.0/node_modules/@types/has/index.d.ts'
[16:17:59.755] Adding entry into typings cache: 'has-ansi' => '/home/shaw/.cache/typescript/4.0/node_modules/@types/has-ansi/index.d.ts'
[16:17:59.756] Adding entry into typings cache: 'has-symbols' => '/home/shaw/.cache/typescript/4.0/node_modules/@types/has-symbols/index.d.ts'
[16:17:59.757] Adding entry into typings cache: 'he' => '/home/shaw/.cache/typescript/4.0/node_modules/@types/he/index.d.ts'
[16:17:59.757] Adding entry into typings cache: 'hex-color-regex' => '/home/shaw/.cache/typescript/4.0/node_modules/@types/hex-color-regex/index.d.ts'
[16:17:59.758] Adding entry into typings cache: 'hosted-git-info' => '/home/shaw/.cache/typescript/4.0/node_modules/@types/hosted-git-info/index.d.ts'
[16:17:59.758] Adding entry into typings cache: 'html-encoding-sniffer' => '/home/shaw/.cache/typescript/4.0/node_modules/@types/html-encoding-sniffer/index.d.ts'
[16:17:59.759] Adding entry into typings cache: 'html-escaper' => '/home/shaw/.cache/typescript/4.0/node_modules/@types/html-escaper/index.d.ts'
[16:17:59.759] Adding entry into typings cache: 'html-minifier-terser' => '/home/shaw/.cache/typescript/4.0/node_modules/@types/html-minifier-terser/index.d.ts'
[16:17:59.760] Adding entry into typings cache: 'htmlparser2' => '/home/shaw/.cache/typescript/4.0/node_modules/@types/htmlparser2/index.d.ts'
[16:17:59.761] Adding entry into typings cache: 'http-errors' => '/home/shaw/.cache/typescript/4.0/node_modules/@types/http-errors/index.d.ts'
[16:17:59.761] Adding entry into typings cache: 'http-proxy' => '/home/shaw/.cache/typescript/4.0/node_modules/@types/http-proxy/index.d.ts'
[16:17:59.762] Adding entry into typings cache: 'http-proxy-middleware' => '/home/shaw/.cache/typescript/4.0/node_modules/@types/http-proxy-middleware/index.d.ts'
[16:17:59.763] Adding entry into typings cache: 'icss-utils' => '/home/shaw/.cache/typescript/4.0/node_modules/@types/icss-utils/index.d.ts'
[16:17:59.763] Adding entry into typings cache: 'iferr' => '/home/shaw/.cache/typescript/4.0/node_modules/@types/iferr/index.d.ts'
[16:17:59.764] Adding entry into typings cache: 'imurmurhash' => '/home/shaw/.cache/typescript/4.0/node_modules/@types/imurmurhash/index.d.ts'
[16:17:59.765] Adding entry into typings cache: 'inherits' => '/home/shaw/.cache/typescript/4.0/node_modules/@types/inherits/index.d.ts'
[16:17:59.765] Adding entry into typings cache: 'ini' => '/home/shaw/.cache/typescript/4.0/node_modules/@types/ini/index.d.ts'
[16:17:59.766] Adding entry into typings cache: 'inquirer' => '/home/shaw/.cache/typescript/4.0/node_modules/@types/inquirer/index.d.ts'
[16:17:59.767] Adding entry into typings cache: 'internal-slot' => '/home/shaw/.cache/typescript/4.0/node_modules/@types/internal-slot/index.d.ts'
[16:17:59.769] Adding entry into typings cache: 'invariant' => '/home/shaw/.cache/typescript/4.0/node_modules/@types/invariant/index.d.ts'
[16:17:59.771] Adding entry into typings cache: 'ip' => '/home/shaw/.cache/typescript/4.0/node_modules/@types/ip/index.d.ts'
[16:17:59.775] Adding entry into typings cache: 'is-buffer' => '/home/shaw/.cache/typescript/4.0/node_modules/@types/is-buffer/index.d.ts'
[16:17:59.776] Adding entry into typings cache: 'is-callable' => '/home/shaw/.cache/typescript/4.0/node_modules/@types/is-callable/index.d.ts'
[16:17:59.778] Adding entry into typings cache: 'is-ci' => '/home/shaw/.cache/typescript/4.0/node_modules/@types/is-ci/index.d.ts'
[16:17:59.778] Adding entry into typings cache: 'is-date-object' => '/home/shaw/.cache/typescript/4.0/node_modules/@types/is-date-object/index.d.ts'
[16:17:59.782] Adding entry into typings cache: 'is-glob' => '/home/shaw/.cache/typescript/4.0/node_modules/@types/is-glob/index.d.ts'
[16:17:59.784] Adding entry into typings cache: 'is-number' => '/home/shaw/.cache/typescript/4.0/node_modules/@types/is-number/index.d.ts'
[16:17:59.785] Adding entry into typings cache: 'is-promise' => '/home/shaw/.cache/typescript/4.0/node_modules/@types/is-promise/index.d.ts'
[16:17:59.786] Adding entry into typings cache: 'is-regex' => '/home/shaw/.cache/typescript/4.0/node_modules/@types/is-regex/index.d.ts'
[16:17:59.787] Adding entry into typings cache: 'is-typedarray' => '/home/shaw/.cache/typescript/4.0/node_modules/@types/is-typedarray/index.d.ts'
[16:17:59.789] Adding entry into typings cache: 'is-windows' => '/home/shaw/.cache/typescript/4.0/node_modules/@types/is-windows/index.d.ts'
[16:17:59.791] Adding entry into typings cache: 'isarray' => '/home/shaw/.cache/typescript/4.0/node_modules/@types/isarray/index.d.ts'
[16:17:59.792] Adding entry into typings cache: 'isexe' => '/home/shaw/.cache/typescript/4.0/node_modules/@types/isexe/index.d.ts'
[16:17:59.792] Adding entry into typings cache: 'isstream' => '/home/shaw/.cache/typescript/4.0/node_modules/@types/isstream/index.d.ts'
[16:17:59.793] Adding entry into typings cache: 'istanbul-lib-coverage' => '/home/shaw/.cache/typescript/4.0/node_modules/@types/istanbul-lib-coverage/index.d.ts'
[16:17:59.793] Adding entry into typings cache: 'istanbul-lib-instrument' => '/home/shaw/.cache/typescript/4.0/node_modules/@types/istanbul-lib-instrument/index.d.ts'
[16:17:59.794] Adding entry into typings cache: 'istanbul-lib-report' => '/home/shaw/.cache/typescript/4.0/node_modules/@types/istanbul-lib-report/index.d.ts'
[16:17:59.794] Adding entry into typings cache: 'istanbul-lib-source-maps' => '/home/shaw/.cache/typescript/4.0/node_modules/@types/istanbul-lib-source-maps/index.d.ts'
[16:17:59.795] Adding entry into typings cache: 'istanbul-reports' => '/home/shaw/.cache/typescript/4.0/node_modules/@types/istanbul-reports/index.d.ts'
[16:17:59.796] Adding entry into typings cache: 'js-yaml' => '/home/shaw/.cache/typescript/4.0/node_modules/@types/js-yaml/index.d.ts'
[16:17:59.798] Adding entry into typings cache: 'jsbn' => '/home/shaw/.cache/typescript/4.0/node_modules/@types/jsbn/index.d.ts'
[16:17:59.800] Adding entry into typings cache: 'jsdom' => '/home/shaw/.cache/typescript/4.0/node_modules/@types/jsdom/index.d.ts'
[16:17:59.801] Adding entry into typings cache: 'jsesc' => '/home/shaw/.cache/typescript/4.0/node_modules/@types/jsesc/index.d.ts'
[16:17:59.802] Adding entry into typings cache: 'json-parse-better-errors' => '/home/shaw/.cache/typescript/4.0/node_modules/@types/json-parse-better-errors/index.d.ts'
[16:17:59.803] Adding entry into typings cache: 'json-schema' => '/home/shaw/.cache/typescript/4.0/node_modules/@types/json-schema/index.d.ts'
[16:17:59.804] Adding entry into typings cache: 'json-schema-traverse' => '/home/shaw/.cache/typescript/4.0/node_modules/@types/json-schema-traverse/index.d.ts'
[16:17:59.805] Adding entry into typings cache: 'json-stable-stringify' => '/home/shaw/.cache/typescript/4.0/node_modules/@types/json-stable-stringify/index.d.ts'
[16:17:59.805] Adding entry into typings cache: 'json-stringify-safe' => '/home/shaw/.cache/typescript/4.0/node_modules/@types/json-stringify-safe/index.d.ts'
[16:17:59.806] Adding entry into typings cache: 'json3' => '/home/shaw/.cache/typescript/4.0/node_modules/@types/json3/index.d.ts'
[16:17:59.807] Adding entry into typings cache: 'json5' => '/home/shaw/.cache/typescript/4.0/node_modules/@types/json5/index.d.ts'
[16:17:59.807] Adding entry into typings cache: 'jsonfile' => '/home/shaw/.cache/typescript/4.0/node_modules/@types/jsonfile/index.d.ts'
[16:17:59.808] Adding entry into typings cache: 'jsonwebtoken' => '/home/shaw/.cache/typescript/4.0/node_modules/@types/jsonwebtoken/index.d.ts'
[16:17:59.808] Adding entry into typings cache: 'jws' => '/home/shaw/.cache/typescript/4.0/node_modules/@types/jws/index.d.ts'
[16:17:59.809] Adding entry into typings cache: 'kind-of' => '/home/shaw/.cache/typescript/4.0/node_modules/@types/kind-of/index.d.ts'
[16:17:59.810] Adding entry into typings cache: 'loader-runner' => '/home/shaw/.cache/typescript/4.0/node_modules/@types/loader-runner/index.d.ts'
[16:17:59.810] Adding entry into typings cache: 'loader-utils' => '/home/shaw/.cache/typescript/4.0/node_modules/@types/loader-utils/index.d.ts'
[16:17:59.816] Adding entry into typings cache: 'lodash' => '/home/shaw/.cache/typescript/4.0/node_modules/@types/lodash/index.d.ts'
[16:17:59.817] Adding entry into typings cache: 'lodash.includes' => '/home/shaw/.cache/typescript/4.0/node_modules/@types/lodash.includes/index.d.ts'
[16:17:59.819] Adding entry into typings cache: 'lodash.isboolean' => '/home/shaw/.cache/typescript/4.0/node_modules/@types/lodash.isboolean/index.d.ts'
[16:17:59.820] Adding entry into typings cache: 'lodash.isinteger' => '/home/shaw/.cache/typescript/4.0/node_modules/@types/lodash.isinteger/index.d.ts'
[16:17:59.823] Adding entry into typings cache: 'lodash.isnumber' => '/home/shaw/.cache/typescript/4.0/node_modules/@types/lodash.isnumber/index.d.ts'
[16:17:59.825] Adding entry into typings cache: 'lodash.isplainobject' => '/home/shaw/.cache/typescript/4.0/node_modules/@types/lodash.isplainobject/index.d.ts'
[16:17:59.827] Adding entry into typings cache: 'lodash.isstring' => '/home/shaw/.cache/typescript/4.0/node_modules/@types/lodash.isstring/index.d.ts'
[16:17:59.828] Adding entry into typings cache: 'lodash.memoize' => '/home/shaw/.cache/typescript/4.0/node_modules/@types/lodash.memoize/index.d.ts'
[16:17:59.832] Adding entry into typings cache: 'lodash.once' => '/home/shaw/.cache/typescript/4.0/node_modules/@types/lodash.once/index.d.ts'
[16:17:59.833] Adding entry into typings cache: 'lodash.sortby' => '/home/shaw/.cache/typescript/4.0/node_modules/@types/lodash.sortby/index.d.ts'
[16:17:59.835] Adding entry into typings cache: 'lodash.template' => '/home/shaw/.cache/typescript/4.0/node_modules/@types/lodash.template/index.d.ts'
[16:17:59.836] Adding entry into typings cache: 'lodash.uniq' => '/home/shaw/.cache/typescript/4.0/node_modules/@types/lodash.uniq/index.d.ts'
[16:17:59.837] Adding entry into typings cache: 'lru-cache' => '/home/shaw/.cache/typescript/4.0/node_modules/@types/lru-cache/index.d.ts'
[16:17:59.839] Adding entry into typings cache: 'lz-string' => '/home/shaw/.cache/typescript/4.0/node_modules/@types/lz-string/index.d.ts'
[16:17:59.840] Adding entry into typings cache: 'media-typer' => '/home/shaw/.cache/typescript/4.0/node_modules/@types/media-typer/index.d.ts'
[16:17:59.841] Adding entry into typings cache: 'memory-fs' => '/home/shaw/.cache/typescript/4.0/node_modules/@types/memory-fs/index.d.ts'
[16:17:59.843] Adding entry into typings cache: 'merge-deep' => '/home/shaw/.cache/typescript/4.0/node_modules/@types/merge-deep/index.d.ts'
[16:17:59.844] Adding entry into typings cache: 'merge-descriptors' => '/home/shaw/.cache/typescript/4.0/node_modules/@types/merge-descriptors/index.d.ts'
[16:17:59.846] Adding entry into typings cache: 'merge-stream' => '/home/shaw/.cache/typescript/4.0/node_modules/@types/merge-stream/index.d.ts'
[16:17:59.847] Adding entry into typings cache: 'merge2' => '/home/shaw/.cache/typescript/4.0/node_modules/@types/merge2/index.d.ts'
[16:17:59.848] Adding entry into typings cache: 'methods' => '/home/shaw/.cache/typescript/4.0/node_modules/@types/methods/index.d.ts'
[16:17:59.851] Adding entry into typings cache: 'micromatch' => '/home/shaw/.cache/typescript/4.0/node_modules/@types/micromatch/index.d.ts'
[16:17:59.852] Adding entry into typings cache: 'mime' => '/home/shaw/.cache/typescript/4.0/node_modules/@types/mime/index.d.ts'
[16:17:59.854] Adding entry into typings cache: 'mime-db' => '/home/shaw/.cache/typescript/4.0/node_modules/@types/mime-db/index.d.ts'
[16:17:59.855] Adding entry into typings cache: 'mime-types' => '/home/shaw/.cache/typescript/4.0/node_modules/@types/mime-types/index.d.ts'
[16:17:59.856] Adding entry into typings cache: 'min-indent' => '/home/shaw/.cache/typescript/4.0/node_modules/@types/min-indent/index.d.ts'
[16:17:59.857] Adding entry into typings cache: 'mini-css-extract-plugin' => '/home/shaw/.cache/typescript/4.0/node_modules/@types/mini-css-extract-plugin/index.d.ts'
[16:17:59.857] Adding entry into typings cache: 'minimalistic-assert' => '/home/shaw/.cache/typescript/4.0/node_modules/@types/minimalistic-assert/index.d.ts'
[16:17:59.858] Adding entry into typings cache: 'minimatch' => '/home/shaw/.cache/typescript/4.0/node_modules/@types/minimatch/index.d.ts'
[16:17:59.859] Adding entry into typings cache: 'minimist' => '/home/shaw/.cache/typescript/4.0/node_modules/@types/minimist/index.d.ts'
[16:17:59.859] Adding entry into typings cache: 'minipass' => '/home/shaw/.cache/typescript/4.0/node_modules/@types/minipass/index.d.ts'
[16:17:59.860] Adding entry into typings cache: 'mkdirp' => '/home/shaw/.cache/typescript/4.0/node_modules/@types/mkdirp/index.d.ts'
[16:17:59.860] Adding entry into typings cache: 'mongodb' => '/home/shaw/.cache/typescript/4.0/node_modules/@types/mongodb/index.d.ts'
[16:17:59.861] Adding entry into typings cache: 'mongoose' => '/home/shaw/.cache/typescript/4.0/node_modules/@types/mongoose/index.d.ts'
[16:17:59.862] Adding entry into typings cache: 'morgan' => '/home/shaw/.cache/typescript/4.0/node_modules/@types/morgan/index.d.ts'
[16:17:59.862] Adding entry into typings cache: 'move-concurrently' => '/home/shaw/.cache/typescript/4.0/node_modules/@types/move-concurrently/index.d.ts'
[16:17:59.863] Adding entry into typings cache: 'ms' => '/home/shaw/.cache/typescript/4.0/node_modules/@types/ms/index.d.ts'
[16:17:59.864] Adding entry into typings cache: 'multer' => '/home/shaw/.cache/typescript/4.0/node_modules/@types/multer/index.d.ts'
[16:17:59.865] Adding entry into typings cache: 'multer-s3' => '/home/shaw/.cache/typescript/4.0/node_modules/@types/multer-s3/index.d.ts'
[16:17:59.865] Adding entry into typings cache: 'mute-stream' => '/home/shaw/.cache/typescript/4.0/node_modules/@types/mute-stream/index.d.ts'
[16:17:59.866] Adding entry into typings cache: 'natural-compare' => '/home/shaw/.cache/typescript/4.0/node_modules/@types/natural-compare/index.d.ts'
[16:17:59.866] Adding entry into typings cache: 'negotiator' => '/home/shaw/.cache/typescript/4.0/node_modules/@types/negotiator/index.d.ts'
[16:17:59.867] Adding entry into typings cache: 'next-tick' => '/home/shaw/.cache/typescript/4.0/node_modules/@types/next-tick/index.d.ts'
[16:17:59.868] Adding entry into typings cache: 'nice-try' => '/home/shaw/.cache/typescript/4.0/node_modules/@types/nice-try/index.d.ts'
[16:17:59.869] Adding entry into typings cache: 'node' => '/home/shaw/.cache/typescript/4.0/node_modules/@types/node/index.d.ts'
[16:17:59.871] Adding entry into typings cache: 'node-forge' => '/home/shaw/.cache/typescript/4.0/node_modules/@types/node-forge/index.d.ts'
[16:17:59.871] Adding entry into typings cache: 'node-int64' => '/home/shaw/.cache/typescript/4.0/node_modules/@types/node-int64/index.d.ts'
[16:17:59.872] Adding entry into typings cache: 'node-notifier' => '/home/shaw/.cache/typescript/4.0/node_modules/@types/node-notifier/index.d.ts'
[16:17:59.873] Adding entry into typings cache: 'nodemailer' => '/home/shaw/.cache/typescript/4.0/node_modules/@types/nodemailer/index.d.ts'
[16:17:59.873] Adding entry into typings cache: 'nodemon' => '/home/shaw/.cache/typescript/4.0/node_modules/@types/nodemon/index.d.ts'
[16:17:59.874] Adding entry into typings cache: 'normalize-package-data' => '/home/shaw/.cache/typescript/4.0/node_modules/@types/normalize-package-data/index.d.ts'
[16:17:59.875] Adding entry into typings cache: 'normalize-path' => '/home/shaw/.cache/typescript/4.0/node_modules/@types/normalize-path/index.d.ts'
[16:17:59.876] Adding entry into typings cache: 'num2fraction' => '/home/shaw/.cache/typescript/4.0/node_modules/@types/num2fraction/index.d.ts'
[16:17:59.876] Adding entry into typings cache: 'object-assign' => '/home/shaw/.cache/typescript/4.0/node_modules/@types/object-assign/index.d.ts'
[16:17:59.877] Adding entry into typings cache: 'object-hash' => '/home/shaw/.cache/typescript/4.0/node_modules/@types/object-hash/index.d.ts'
[16:17:59.877] Adding entry into typings cache: 'object-inspect' => '/home/shaw/.cache/typescript/4.0/node_modules/@types/object-inspect/index.d.ts'
[16:17:59.878] Adding entry into typings cache: 'object-keys' => '/home/shaw/.cache/typescript/4.0/node_modules/@types/object-keys/index.d.ts'
[16:17:59.878] Adding entry into typings cache: 'object-path' => '/home/shaw/.cache/typescript/4.0/node_modules/@types/object-path/index.d.ts'
[16:17:59.879] Adding entry into typings cache: 'object.fromentries' => '/home/shaw/.cache/typescript/4.0/node_modules/@types/object.fromentries/index.d.ts'
[16:17:59.879] Adding entry into typings cache: 'object.getownpropertydescriptors' => '/home/shaw/.cache/typescript/4.0/node_modules/@types/object.getownpropertydescriptors/index.d.ts'
[16:17:59.880] Adding entry into typings cache: 'object.pick' => '/home/shaw/.cache/typescript/4.0/node_modules/@types/object.pick/index.d.ts'
[16:17:59.881] Adding entry into typings cache: 'on-finished' => '/home/shaw/.cache/typescript/4.0/node_modules/@types/on-finished/index.d.ts'
[16:17:59.881] Adding entry into typings cache: 'on-headers' => '/home/shaw/.cache/typescript/4.0/node_modules/@types/on-headers/index.d.ts'
[16:17:59.882] Adding entry into typings cache: 'once' => '/home/shaw/.cache/typescript/4.0/node_modules/@types/once/index.d.ts'
[16:17:59.883] Adding entry into typings cache: 'optimize-css-assets-webpack-plugin' => '/home/shaw/.cache/typescript/4.0/node_modules/@types/optimize-css-assets-webpack-plugin/index.d.ts'
[16:17:59.883] Adding entry into typings cache: 'original' => '/home/shaw/.cache/typescript/4.0/node_modules/@types/original/index.d.ts'
[16:17:59.884] Adding entry into typings cache: 'os-tmpdir' => '/home/shaw/.cache/typescript/4.0/node_modules/@types/os-tmpdir/index.d.ts'
[16:17:59.884] Adding entry into typings cache: 'pako' => '/home/shaw/.cache/typescript/4.0/node_modules/@types/pako/index.d.ts'
[16:17:59.885] Adding entry into typings cache: 'parallel-transform' => '/home/shaw/.cache/typescript/4.0/node_modules/@types/parallel-transform/index.d.ts'
[16:17:59.886] Adding entry into typings cache: 'parse-json' => '/home/shaw/.cache/typescript/4.0/node_modules/@types/parse-json/index.d.ts'
[16:17:59.886] Adding entry into typings cache: 'parse5' => '/home/shaw/.cache/typescript/4.0/node_modules/@types/parse5/index.d.ts'
[16:17:59.887] Adding entry into typings cache: 'parseurl' => '/home/shaw/.cache/typescript/4.0/node_modules/@types/parseurl/index.d.ts'
[16:17:59.888] Adding entry into typings cache: 'pascalcase' => '/home/shaw/.cache/typescript/4.0/node_modules/@types/pascalcase/index.d.ts'
[16:17:59.889] Adding entry into typings cache: 'path-is-absolute' => '/home/shaw/.cache/typescript/4.0/node_modules/@types/path-is-absolute/index.d.ts'
[16:17:59.889] Adding entry into typings cache: 'path-is-inside' => '/home/shaw/.cache/typescript/4.0/node_modules/@types/path-is-inside/index.d.ts'
[16:17:59.890] Adding entry into typings cache: 'path-parse' => '/home/shaw/.cache/typescript/4.0/node_modules/@types/path-parse/index.d.ts'
[16:17:59.891] Adding entry into typings cache: 'pbkdf2' => '/home/shaw/.cache/typescript/4.0/node_modules/@types/pbkdf2/index.d.ts'
[16:17:59.891] Adding entry into typings cache: 'picomatch' => '/home/shaw/.cache/typescript/4.0/node_modules/@types/picomatch/index.d.ts'
[16:17:59.892] Adding entry into typings cache: 'pify' => '/home/shaw/.cache/typescript/4.0/node_modules/@types/pify/index.d.ts'
[16:17:59.892] Adding entry into typings cache: 'postcss-calc' => '/home/shaw/.cache/typescript/4.0/node_modules/@types/postcss-calc/index.d.ts'
[16:17:59.893] Adding entry into typings cache: 'postcss-custom-properties' => '/home/shaw/.cache/typescript/4.0/node_modules/@types/postcss-custom-properties/index.d.ts'
[16:17:59.893] Adding entry into typings cache: 'postcss-flexbugs-fixes' => '/home/shaw/.cache/typescript/4.0/node_modules/@types/postcss-flexbugs-fixes/index.d.ts'
[16:17:59.894] Adding entry into typings cache: 'postcss-focus-within' => '/home/shaw/.cache/typescript/4.0/node_modules/@types/postcss-focus-within/index.d.ts'
[16:17:59.894] Adding entry into typings cache: 'postcss-gap-properties' => '/home/shaw/.cache/typescript/4.0/node_modules/@types/postcss-gap-properties/index.d.ts'
[16:17:59.895] Adding entry into typings cache: 'postcss-load-config' => '/home/shaw/.cache/typescript/4.0/node_modules/@types/postcss-load-config/index.d.ts'
[16:17:59.896] Adding entry into typings cache: 'postcss-modules-extract-imports' => '/home/shaw/.cache/typescript/4.0/node_modules/@types/postcss-modules-extract-imports/index.d.ts'
[16:17:59.896] Adding entry into typings cache: 'postcss-modules-local-by-default' => '/home/shaw/.cache/typescript/4.0/node_modules/@types/postcss-modules-local-by-default/index.d.ts'
[16:17:59.897] Adding entry into typings cache: 'postcss-modules-scope' => '/home/shaw/.cache/typescript/4.0/node_modules/@types/postcss-modules-scope/index.d.ts'
[16:17:59.897] Adding entry into typings cache: 'postcss-modules-values' => '/home/shaw/.cache/typescript/4.0/node_modules/@types/postcss-modules-values/index.d.ts'
[16:17:59.899] Adding entry into typings cache: 'postcss-normalize' => '/home/shaw/.cache/typescript/4.0/node_modules/@types/postcss-normalize/index.d.ts'
[16:17:59.900] Adding entry into typings cache: 'postcss-preset-env' => '/home/shaw/.cache/typescript/4.0/node_modules/@types/postcss-preset-env/index.d.ts'
[16:17:59.901] Adding entry into typings cache: 'postcss-safe-parser' => '/home/shaw/.cache/typescript/4.0/node_modules/@types/postcss-safe-parser/index.d.ts'
[16:17:59.902] Adding entry into typings cache: 'prelude-ls' => '/home/shaw/.cache/typescript/4.0/node_modules/@types/prelude-ls/index.d.ts'
[16:17:59.903] Adding entry into typings cache: 'progress' => '/home/shaw/.cache/typescript/4.0/node_modules/@types/progress/index.d.ts'
[16:17:59.903] Adding entry into typings cache: 'promise-inflight' => '/home/shaw/.cache/typescript/4.0/node_modules/@types/promise-inflight/index.d.ts'
[16:17:59.904] Adding entry into typings cache: 'prompts' => '/home/shaw/.cache/typescript/4.0/node_modules/@types/prompts/index.d.ts'
[16:17:59.905] Adding entry into typings cache: 'prop-types' => '/home/shaw/.cache/typescript/4.0/node_modules/@types/prop-types/index.d.ts'
[16:17:59.905] Adding entry into typings cache: 'proxy-addr' => '/home/shaw/.cache/typescript/4.0/node_modules/@types/proxy-addr/index.d.ts'
[16:17:59.906] Adding entry into typings cache: 'psl' => '/home/shaw/.cache/typescript/4.0/node_modules/@types/psl/index.d.ts'
[16:17:59.906] Adding entry into typings cache: 'pump' => '/home/shaw/.cache/typescript/4.0/node_modules/@types/pump/index.d.ts'
[16:17:59.907] Adding entry into typings cache: 'pumpify' => '/home/shaw/.cache/typescript/4.0/node_modules/@types/pumpify/index.d.ts'
[16:17:59.908] Adding entry into typings cache: 'punycode' => '/home/shaw/.cache/typescript/4.0/node_modules/@types/punycode/index.d.ts'
[16:17:59.909] Adding entry into typings cache: 'q' => '/home/shaw/.cache/typescript/4.0/node_modules/@types/q/index.d.ts'
[16:17:59.909] Adding entry into typings cache: 'qs' => '/home/shaw/.cache/typescript/4.0/node_modules/@types/qs/index.d.ts'
[16:17:59.910] Adding entry into typings cache: 'querystringify' => '/home/shaw/.cache/typescript/4.0/node_modules/@types/querystringify/index.d.ts'
[16:17:59.911] Adding entry into typings cache: 'raf' => '/home/shaw/.cache/typescript/4.0/node_modules/@types/raf/index.d.ts'
[16:17:59.911] Adding entry into typings cache: 'randombytes' => '/home/shaw/.cache/typescript/4.0/node_modules/@types/randombytes/index.d.ts'
[16:17:59.912] Adding entry into typings cache: 'randomstring' => '/home/shaw/.cache/typescript/4.0/node_modules/@types/randomstring/index.d.ts'
[16:17:59.912] Adding entry into typings cache: 'range-parser' => '/home/shaw/.cache/typescript/4.0/node_modules/@types/range-parser/index.d.ts'
[16:17:59.913] Adding entry into typings cache: 'react' => '/home/shaw/.cache/typescript/4.0/node_modules/@types/react/index.d.ts'
[16:17:59.914] Adding entry into typings cache: 'react-dev-utils' => '/home/shaw/.cache/typescript/4.0/node_modules/@types/react-dev-utils/index.d.ts'
[16:17:59.914] Adding entry into typings cache: 'react-dom' => '/home/shaw/.cache/typescript/4.0/node_modules/@types/react-dom/index.d.ts'
[16:17:59.915] Adding entry into typings cache: 'react-is' => '/home/shaw/.cache/typescript/4.0/node_modules/@types/react-is/index.d.ts'
[16:17:59.916] Adding entry into typings cache: 'readable-stream' => '/home/shaw/.cache/typescript/4.0/node_modules/@types/readable-stream/index.d.ts'
[16:17:59.917] Adding entry into typings cache: 'recursive-readdir' => '/home/shaw/.cache/typescript/4.0/node_modules/@types/recursive-readdir/index.d.ts'
[16:17:59.918] Adding entry into typings cache: 'regenerator-runtime' => '/home/shaw/.cache/typescript/4.0/node_modules/@types/regenerator-runtime/index.d.ts'
[16:17:59.918] Adding entry into typings cache: 'relateurl' => '/home/shaw/.cache/typescript/4.0/node_modules/@types/relateurl/index.d.ts'
[16:17:59.919] Adding entry into typings cache: 'repeat-element' => '/home/shaw/.cache/typescript/4.0/node_modules/@types/repeat-element/index.d.ts'
[16:17:59.920] Adding entry into typings cache: 'repeat-string' => '/home/shaw/.cache/typescript/4.0/node_modules/@types/repeat-string/index.d.ts'
[16:17:59.921] Adding entry into typings cache: 'request' => '/home/shaw/.cache/typescript/4.0/node_modules/@types/request/index.d.ts'
[16:17:59.922] Adding entry into typings cache: 'request-promise-native' => '/home/shaw/.cache/typescript/4.0/node_modules/@types/request-promise-native/index.d.ts'
[16:17:59.922] Adding entry into typings cache: 'require-directory' => '/home/shaw/.cache/typescript/4.0/node_modules/@types/require-directory/index.d.ts'
[16:17:59.923] Adding entry into typings cache: 'requires-port' => '/home/shaw/.cache/typescript/4.0/node_modules/@types/requires-port/index.d.ts'
[16:17:59.924] Adding entry into typings cache: 'resolve' => '/home/shaw/.cache/typescript/4.0/node_modules/@types/resolve/index.d.ts'
[16:17:59.924] Adding entry into typings cache: 'retry' => '/home/shaw/.cache/typescript/4.0/node_modules/@types/retry/index.d.ts'
[16:17:59.925] Adding entry into typings cache: 'rimraf' => '/home/shaw/.cache/typescript/4.0/node_modules/@types/rimraf/index.d.ts'
[16:17:59.925] Adding entry into typings cache: 'ripemd160' => '/home/shaw/.cache/typescript/4.0/node_modules/@types/ripemd160/index.d.ts'
[16:17:59.928] Adding entry into typings cache: 'rsvp' => '/home/shaw/.cache/typescript/4.0/node_modules/@types/rsvp/index.d.ts'
[16:17:59.928] Adding entry into typings cache: 'run-parallel' => '/home/shaw/.cache/typescript/4.0/node_modules/@types/run-parallel/index.d.ts'
[16:17:59.929] Adding entry into typings cache: 'safe-regex' => '/home/shaw/.cache/typescript/4.0/node_modules/@types/safe-regex/index.d.ts'
[16:17:59.931] Adding entry into typings cache: 'safer-buffer' => '/home/shaw/.cache/typescript/4.0/node_modules/@types/safer-buffer/index.d.ts'
[16:17:59.931] Adding entry into typings cache: 'sane' => '/home/shaw/.cache/typescript/4.0/node_modules/@types/sane/index.d.ts'
[16:17:59.932] Adding entry into typings cache: 'sass-loader' => '/home/shaw/.cache/typescript/4.0/node_modules/@types/sass-loader/index.d.ts'
[16:17:59.933] Adding entry into typings cache: 'sax' => '/home/shaw/.cache/typescript/4.0/node_modules/@types/sax/index.d.ts'
[16:17:59.934] Adding entry into typings cache: 'scheduler' => '/home/shaw/.cache/typescript/4.0/node_modules/@types/scheduler/index.d.ts'
[16:17:59.934] Adding entry into typings cache: 'semver' => '/home/shaw/.cache/typescript/4.0/node_modules/@types/semver/index.d.ts'
[16:17:59.935] Adding entry into typings cache: 'send' => '/home/shaw/.cache/typescript/4.0/node_modules/@types/send/index.d.ts'
[16:17:59.936] Adding entry into typings cache: 'serialize-javascript' => '/home/shaw/.cache/typescript/4.0/node_modules/@types/serialize-javascript/index.d.ts'
[16:17:59.937] Adding entry into typings cache: 'serve-index' => '/home/shaw/.cache/typescript/4.0/node_modules/@types/serve-index/index.d.ts'
[16:17:59.938] Adding entry into typings cache: 'serve-static' => '/home/shaw/.cache/typescript/4.0/node_modules/@types/serve-static/index.d.ts'
[16:17:59.941] Adding entry into typings cache: 'set-value' => '/home/shaw/.cache/typescript/4.0/node_modules/@types/set-value/index.d.ts'
[16:17:59.941] Adding entry into typings cache: 'setimmediate' => '/home/shaw/.cache/typescript/4.0/node_modules/@types/setimmediate/index.d.ts'
[16:17:59.942] Adding entry into typings cache: 'sha.js' => '/home/shaw/.cache/typescript/4.0/node_modules/@types/sha.js/index.d.ts'
[16:17:59.943] Adding entry into typings cache: 'shebang-command' => '/home/shaw/.cache/typescript/4.0/node_modules/@types/shebang-command/index.d.ts'
[16:17:59.943] Adding entry into typings cache: 'shell-quote' => '/home/shaw/.cache/typescript/4.0/node_modules/@types/shell-quote/index.d.ts'
[16:17:59.944] Adding entry into typings cache: 'signal-exit' => '/home/shaw/.cache/typescript/4.0/node_modules/@types/signal-exit/index.d.ts'
[16:17:59.945] Adding entry into typings cache: 'slice-ansi' => '/home/shaw/.cache/typescript/4.0/node_modules/@types/slice-ansi/index.d.ts'
[16:17:59.946] Adding entry into typings cache: 'sockjs' => '/home/shaw/.cache/typescript/4.0/node_modules/@types/sockjs/index.d.ts'
[16:17:59.948] Adding entry into typings cache: 'sockjs-client' => '/home/shaw/.cache/typescript/4.0/node_modules/@types/sockjs-client/index.d.ts'
[16:17:59.949] Adding entry into typings cache: 'source-list-map' => '/home/shaw/.cache/typescript/4.0/node_modules/@types/source-list-map/index.d.ts'
[16:17:59.950] Adding entry into typings cache: 'source-map-support' => '/home/shaw/.cache/typescript/4.0/node_modules/@types/source-map-support/index.d.ts'
[16:17:59.951] Adding entry into typings cache: 'spdx-correct' => '/home/shaw/.cache/typescript/4.0/node_modules/@types/spdx-correct/index.d.ts'
[16:17:59.952] Adding entry into typings cache: 'spdx-expression-parse' => '/home/shaw/.cache/typescript/4.0/node_modules/@types/spdx-expression-parse/index.d.ts'
[16:17:59.952] Adding entry into typings cache: 'spdy' => '/home/shaw/.cache/typescript/4.0/node_modules/@types/spdy/index.d.ts'
[16:17:59.953] Adding entry into typings cache: 'sprintf' => '/home/shaw/.cache/typescript/4.0/node_modules/@types/sprintf/index.d.ts'
[16:17:59.953] Adding entry into typings cache: 'sprintf-js' => '/home/shaw/.cache/typescript/4.0/node_modules/@types/sprintf-js/index.d.ts'
[16:17:59.954] Adding entry into typings cache: 'sshpk' => '/home/shaw/.cache/typescript/4.0/node_modules/@types/sshpk/index.d.ts'
[16:17:59.955] Adding entry into typings cache: 'ssri' => '/home/shaw/.cache/typescript/4.0/node_modules/@types/ssri/index.d.ts'
[16:17:59.955] Adding entry into typings cache: 'stack-utils' => '/home/shaw/.cache/typescript/4.0/node_modules/@types/stack-utils/index.d.ts'
[16:17:59.956] Adding entry into typings cache: 'statuses' => '/home/shaw/.cache/typescript/4.0/node_modules/@types/statuses/index.d.ts'
[16:17:59.957] Adding entry into typings cache: 'stream-each' => '/home/shaw/.cache/typescript/4.0/node_modules/@types/stream-each/index.d.ts'
[16:17:59.958] Adding entry into typings cache: 'stream-shift' => '/home/shaw/.cache/typescript/4.0/node_modules/@types/stream-shift/index.d.ts'
[16:17:59.959] Adding entry into typings cache: 'strict-uri-encode' => '/home/shaw/.cache/typescript/4.0/node_modules/@types/strict-uri-encode/index.d.ts'
[16:17:59.962] Adding entry into typings cache: 'string.prototype.matchall' => '/home/shaw/.cache/typescript/4.0/node_modules/@types/string.prototype.matchall/index.d.ts'
[16:17:59.963] Adding entry into typings cache: 'stringify-object' => '/home/shaw/.cache/typescript/4.0/node_modules/@types/stringify-object/index.d.ts'
[16:17:59.963] Adding entry into typings cache: 'strip-comments' => '/home/shaw/.cache/typescript/4.0/node_modules/@types/strip-comments/index.d.ts'
[16:17:59.964] Adding entry into typings cache: 'supports-color' => '/home/shaw/.cache/typescript/4.0/node_modules/@types/supports-color/index.d.ts'
[16:17:59.965] Adding entry into typings cache: 'svg-parser' => '/home/shaw/.cache/typescript/4.0/node_modules/@types/svg-parser/index.d.ts'
[16:17:59.966] Adding entry into typings cache: 'svgo' => '/home/shaw/.cache/typescript/4.0/node_modules/@types/svgo/index.d.ts'
[16:17:59.967] Adding entry into typings cache: 'symbol-tree' => '/home/shaw/.cache/typescript/4.0/node_modules/@types/symbol-tree/index.d.ts'
[16:17:59.967] Adding entry into typings cache: 'table' => '/home/shaw/.cache/typescript/4.0/node_modules/@types/table/index.d.ts'
[16:17:59.968] Adding entry into typings cache: 'tapable' => '/home/shaw/.cache/typescript/4.0/node_modules/@types/tapable/index.d.ts'
[16:17:59.969] Adding entry into typings cache: 'terser-webpack-plugin' => '/home/shaw/.cache/typescript/4.0/node_modules/@types/terser-webpack-plugin/index.d.ts'
[16:17:59.970] Adding entry into typings cache: 'testing-library__jest-dom' => '/home/shaw/.cache/typescript/4.0/node_modules/@types/testing-library__jest-dom/index.d.ts'
[16:17:59.971] Adding entry into typings cache: 'text-table' => '/home/shaw/.cache/typescript/4.0/node_modules/@types/text-table/index.d.ts'
[16:17:59.971] Adding entry into typings cache: 'through' => '/home/shaw/.cache/typescript/4.0/node_modules/@types/through/index.d.ts'
[16:17:59.972] Adding entry into typings cache: 'through2' => '/home/shaw/.cache/typescript/4.0/node_modules/@types/through2/index.d.ts'
[16:17:59.973] Adding entry into typings cache: 'timsort' => '/home/shaw/.cache/typescript/4.0/node_modules/@types/timsort/index.d.ts'
[16:17:59.974] Adding entry into typings cache: 'tmp' => '/home/shaw/.cache/typescript/4.0/node_modules/@types/tmp/index.d.ts'
[16:17:59.975] Adding entry into typings cache: 'tough-cookie' => '/home/shaw/.cache/typescript/4.0/node_modules/@types/tough-cookie/index.d.ts'
[16:17:59.975] Adding entry into typings cache: 'type-check' => '/home/shaw/.cache/typescript/4.0/node_modules/@types/type-check/index.d.ts'
[16:17:59.976] Adding entry into typings cache: 'type-is' => '/home/shaw/.cache/typescript/4.0/node_modules/@types/type-is/index.d.ts'
[16:17:59.977] Adding entry into typings cache: 'uniq' => '/home/shaw/.cache/typescript/4.0/node_modules/@types/uniq/index.d.ts'
[16:17:59.977] Adding entry into typings cache: 'universalify' => '/home/shaw/.cache/typescript/4.0/node_modules/@types/universalify/index.d.ts'
[16:17:59.978] Adding entry into typings cache: 'urix' => '/home/shaw/.cache/typescript/4.0/node_modules/@types/urix/index.d.ts'
[16:17:59.979] Adding entry into typings cache: 'url-parse' => '/home/shaw/.cache/typescript/4.0/node_modules/@types/url-parse/index.d.ts'
[16:17:59.980] Adding entry into typings cache: 'util-deprecate' => '/home/shaw/.cache/typescript/4.0/node_modules/@types/util-deprecate/index.d.ts'
[16:17:59.980] Adding entry into typings cache: 'util.promisify' => '/home/shaw/.cache/typescript/4.0/node_modules/@types/util.promisify/index.d.ts'
[16:17:59.981] Adding entry into typings cache: 'utils-merge' => '/home/shaw/.cache/typescript/4.0/node_modules/@types/utils-merge/index.d.ts'
[16:17:59.982] Adding entry into typings cache: 'uuid' => '/home/shaw/.cache/typescript/4.0/node_modules/@types/uuid/index.d.ts'
[16:17:59.983] Adding entry into typings cache: 'validate-npm-package-license' => '/home/shaw/.cache/typescript/4.0/node_modules/@types/validate-npm-package-license/index.d.ts'
[16:17:59.983] Adding entry into typings cache: 'vary' => '/home/shaw/.cache/typescript/4.0/node_modules/@types/vary/index.d.ts'
[16:17:59.984] Adding entry into typings cache: 'verror' => '/home/shaw/.cache/typescript/4.0/node_modules/@types/verror/index.d.ts'
[16:17:59.985] Adding entry into typings cache: 'w3c-xmlserializer' => '/home/shaw/.cache/typescript/4.0/node_modules/@types/w3c-xmlserializer/index.d.ts'
[16:17:59.985] Adding entry into typings cache: 'watchpack' => '/home/shaw/.cache/typescript/4.0/node_modules/@types/watchpack/index.d.ts'
[16:17:59.986] Adding entry into typings cache: 'webidl-conversions' => '/home/shaw/.cache/typescript/4.0/node_modules/@types/webidl-conversions/index.d.ts'
[16:17:59.987] Adding entry into typings cache: 'webpack' => '/home/shaw/.cache/typescript/4.0/node_modules/@types/webpack/index.d.ts'
[16:17:59.987] Adding entry into typings cache: 'webpack-dev-middleware' => '/home/shaw/.cache/typescript/4.0/node_modules/@types/webpack-dev-middleware/index.d.ts'
[16:17:59.988] Adding entry into typings cache: 'webpack-dev-server' => '/home/shaw/.cache/typescript/4.0/node_modules/@types/webpack-dev-server/index.d.ts'
[16:17:59.988] Adding entry into typings cache: 'webpack-manifest-plugin' => '/home/shaw/.cache/typescript/4.0/node_modules/@types/webpack-manifest-plugin/index.d.ts'
[16:17:59.989] Adding entry into typings cache: 'webpack-sources' => '/home/shaw/.cache/typescript/4.0/node_modules/@types/webpack-sources/index.d.ts'
[16:17:59.990] Adding entry into typings cache: 'whatwg-encoding' => '/home/shaw/.cache/typescript/4.0/node_modules/@types/whatwg-encoding/index.d.ts'
[16:17:59.990] Adding entry into typings cache: 'whatwg-mimetype' => '/home/shaw/.cache/typescript/4.0/node_modules/@types/whatwg-mimetype/index.d.ts'
[16:17:59.991] Adding entry into typings cache: 'whatwg-url' => '/home/shaw/.cache/typescript/4.0/node_modules/@types/whatwg-url/index.d.ts'
[16:17:59.992] Adding entry into typings cache: 'which' => '/home/shaw/.cache/typescript/4.0/node_modules/@types/which/index.d.ts'
[16:17:59.993] Adding entry into typings cache: 'workbox-background-sync' => '/home/shaw/.cache/typescript/4.0/node_modules/@types/workbox-background-sync/index.d.ts'
[16:17:59.993] Adding entry into typings cache: 'workbox-broadcast-update' => '/home/shaw/.cache/typescript/4.0/node_modules/@types/workbox-broadcast-update/index.d.ts'
[16:17:59.994] Adding entry into typings cache: 'workbox-build' => '/home/shaw/.cache/typescript/4.0/node_modules/@types/workbox-build/index.d.ts'
[16:17:59.994] Adding entry into typings cache: 'workbox-cacheable-response' => '/home/shaw/.cache/typescript/4.0/node_modules/@types/workbox-cacheable-response/index.d.ts'
[16:17:59.996] Adding entry into typings cache: 'workbox-core' => '/home/shaw/.cache/typescript/4.0/node_modules/@types/workbox-core/index.d.ts'
[16:17:59.997] Adding entry into typings cache: 'workbox-expiration' => '/home/shaw/.cache/typescript/4.0/node_modules/@types/workbox-expiration/index.d.ts'
[16:17:59.998] Adding entry into typings cache: 'workbox-google-analytics' => '/home/shaw/.cache/typescript/4.0/node_modules/@types/workbox-google-analytics/index.d.ts'
[16:17:59.998] Adding entry into typings cache: 'workbox-navigation-preload' => '/home/shaw/.cache/typescript/4.0/node_modules/@types/workbox-navigation-preload/index.d.ts'
[16:17:59.999] Adding entry into typings cache: 'workbox-precaching' => '/home/shaw/.cache/typescript/4.0/node_modules/@types/workbox-precaching/index.d.ts'
[16:17:59.999] Adding entry into typings cache: 'workbox-range-requests' => '/home/shaw/.cache/typescript/4.0/node_modules/@types/workbox-range-requests/index.d.ts'
[16:18:0.0] Adding entry into typings cache: 'workbox-routing' => '/home/shaw/.cache/typescript/4.0/node_modules/@types/workbox-routing/index.d.ts'
[16:18:0.0] Adding entry into typings cache: 'workbox-strategies' => '/home/shaw/.cache/typescript/4.0/node_modules/@types/workbox-strategies/index.d.ts'
[16:18:0.1] Adding entry into typings cache: 'workbox-streams' => '/home/shaw/.cache/typescript/4.0/node_modules/@types/workbox-streams/index.d.ts'
[16:18:0.2] Adding entry into typings cache: 'workbox-sw' => '/home/shaw/.cache/typescript/4.0/node_modules/@types/workbox-sw/index.d.ts'
[16:18:0.3] Adding entry into typings cache: 'workbox-webpack-plugin' => '/home/shaw/.cache/typescript/4.0/node_modules/@types/workbox-webpack-plugin/index.d.ts'
[16:18:0.3] Adding entry into typings cache: 'workbox-window' => '/home/shaw/.cache/typescript/4.0/node_modules/@types/workbox-window/index.d.ts'
[16:18:0.4] Adding entry into typings cache: 'wrap-ansi' => '/home/shaw/.cache/typescript/4.0/node_modules/@types/wrap-ansi/index.d.ts'
[16:18:0.5] Adding entry into typings cache: 'write' => '/home/shaw/.cache/typescript/4.0/node_modules/@types/write/index.d.ts'
[16:18:0.5] Adding entry into typings cache: 'write-file-atomic' => '/home/shaw/.cache/typescript/4.0/node_modules/@types/write-file-atomic/index.d.ts'
[16:18:0.6] Adding entry into typings cache: 'ws' => '/home/shaw/.cache/typescript/4.0/node_modules/@types/ws/index.d.ts'
[16:18:0.6] Adding entry into typings cache: 'xregexp' => '/home/shaw/.cache/typescript/4.0/node_modules/@types/xregexp/index.d.ts'
[16:18:0.7] Adding entry into typings cache: 'xtend' => '/home/shaw/.cache/typescript/4.0/node_modules/@types/xtend/index.d.ts'
[16:18:0.8] Adding entry into typings cache: 'y18n' => '/home/shaw/.cache/typescript/4.0/node_modules/@types/y18n/index.d.ts'
[16:18:0.8] Adding entry into typings cache: 'yallist' => '/home/shaw/.cache/typescript/4.0/node_modules/@types/yallist/index.d.ts'
[16:18:0.9] Adding entry into typings cache: 'yargs' => '/home/shaw/.cache/typescript/4.0/node_modules/@types/yargs/index.d.ts'
[16:18:0.9] Adding entry into typings cache: 'yargs-parser' => '/home/shaw/.cache/typescript/4.0/node_modules/@types/yargs-parser/index.d.ts'
[16:18:0.9] Finished processing cache location '/home/shaw/.cache/typescript/4.0'
[16:18:0.10] Process id: 14102
[16:18:0.10] NPM location: /usr/bin/npm (explicit '--npmLocation' not  provided)
[16:18:0.10] validateDefaultNpmLocation: false
[16:18:0.10] Npm config file: /home/shaw/.cache/typescript/4.0/package.json
[16:18:0.10] Updating types-registry npm package...
[16:18:0.10] Exec: /usr/bin/npm install --ignore-scripts types-registry@latest
[16:18:5.370]     Succeeded. stdout:
    + types-registry@0.1.514
    updated 1 package and audited 718 packages in 4.197s

6 packages are looking for funding
  run `npm fund` for details

found 0 vulnerabilities


[16:18:5.370] Updated types-registry npm package
